app/build/intermediates/manifest_merge_blame_file/debug/manifest-merger-blame-debug-report.txt
1<?xml version="1.0" encoding="utf-8"?>
2<manifest xmlns:android="http://schemas.android.com/apk/res/android"
3    package="com.example.homekippa"
4    android:versionCode="1"
5    android:versionName="1.0" >
6
7    <uses-sdk
8        android:minSdkVersion="16"
8-->src/main/AndroidManifest.xml
9        android:targetSdkVersion="29" />
9-->src/main/AndroidManifest.xml
10    <!-- 인터넷 퍼미션 -->
11
12    <uses-permission android:name="android.permission.ACCESS_FINE_LOCATION" />
12-->src/main/AndroidManifest.xml:7:5-78
12-->src/main/AndroidManifest.xml:7:22-76
13
14    <meta-data
14-->src/main/AndroidManifest.xml:8:5-102
15        android:name="com.kakao.sdk.AppKey"
15-->src/main/AndroidManifest.xml:8:16-51
16        android:value="27f0294947799473f5560e2568541333" />
16-->src/main/AndroidManifest.xml:8:52-100
17
18    <uses-permission android:name="android.permission.INTERNET" />
18-->src/main/AndroidManifest.xml:34:5-67
18-->src/main/AndroidManifest.xml:34:22-64
19
20    <application
20-->src/main/AndroidManifest.xml:10:5-33:19
21        android:allowBackup="true"
21-->src/main/AndroidManifest.xml:11:9-35
22        android:appComponentFactory="androidx.core.app.CoreComponentFactory"
22-->[androidx.core:core:1.0.1] AndroidManifest.xml:22:18-86
23        android:debuggable="true"
24        android:icon="@mipmap/ic_launcher"
24-->src/main/AndroidManifest.xml:12:9-43
25        android:label="@string/app_name"
25-->src/main/AndroidManifest.xml:13:9-41
26        android:roundIcon="@mipmap/ic_launcher_round"
26-->src/main/AndroidManifest.xml:14:9-54
27        android:supportsRtl="true"
27-->src/main/AndroidManifest.xml:15:9-35
28        android:testOnly="true"
29        android:theme="@style/AppTheme"
29-->src/main/AndroidManifest.xml:16:9-40
30        android:usesCleartextTraffic="true" >
30-->src/main/AndroidManifest.xml:17:9-44
31        <activity android:name="com.example.homekippa.SignUpActivity" />
31-->src/main/AndroidManifest.xml:18:9-61
31-->src/main/AndroidManifest.xml:18:19-49
32        <activity android:name="com.example.homekippa.StartActivity" >
32-->src/main/AndroidManifest.xml:19:9-25:20
32-->src/main/AndroidManifest.xml:19:19-48
33            <intent-filter>
33-->src/main/AndroidManifest.xml:20:9-24:25
34                <action android:name="android.intent.action.MAIN" />
34-->src/main/AndroidManifest.xml:21:13-65
34-->src/main/AndroidManifest.xml:21:21-62
35
36                <category android:name="android.intent.category.LAUNCHER" />
36-->src/main/AndroidManifest.xml:23:13-73
36-->src/main/AndroidManifest.xml:23:23-70
37            </intent-filter>
38        </activity>
39        <activity
39-->src/main/AndroidManifest.xml:26:9-28:59
40            android:name="com.example.homekippa.MainActivity"
40-->src/main/AndroidManifest.xml:27:13-41
41            android:label="@string/title_activity_main" />
41-->src/main/AndroidManifest.xml:28:13-56
42        <activity android:name="com.example.homekippa.LoginActivity" >
42-->src/main/AndroidManifest.xml:29:9-30:20
42-->src/main/AndroidManifest.xml:29:19-48
43        </activity>
44        <activity android:name="com.example.homekippa.ui.searchAddress.searchAddress" >
44-->src/main/AndroidManifest.xml:31:9-32:20
44-->src/main/AndroidManifest.xml:31:19-65
45        </activity>
46        <activity
46-->[com.google.firebase:firebase-auth:19.4.0] AndroidManifest.xml:24:9-31:50
47            android:name="com.google.firebase.auth.internal.FederatedSignInActivity"
47-->[com.google.firebase:firebase-auth:19.4.0] AndroidManifest.xml:25:13-85
48            android:excludeFromRecents="true"
48-->[com.google.firebase:firebase-auth:19.4.0] AndroidManifest.xml:26:13-46
49            android:exported="true"
49-->[com.google.firebase:firebase-auth:19.4.0] AndroidManifest.xml:27:13-36
50            android:launchMode="singleTask"
50-->[com.google.firebase:firebase-auth:19.4.0] AndroidManifest.xml:28:13-44
51            android:permission="com.google.firebase.auth.api.gms.permission.LAUNCH_FEDERATED_SIGN_IN"
51-->[com.google.firebase:firebase-auth:19.4.0] AndroidManifest.xml:29:13-102
52            android:theme="@android:style/Theme.Translucent.NoTitleBar" />
52-->[com.google.firebase:firebase-auth:19.4.0] AndroidManifest.xml:30:13-72
53
54        <service
54-->[com.google.firebase:firebase-auth:19.4.0] AndroidManifest.xml:33:9-39:19
55            android:name="com.google.firebase.components.ComponentDiscoveryService"
55-->[com.google.firebase:firebase-auth:19.4.0] AndroidManifest.xml:34:13-84
56            android:directBootAware="true"
56-->[com.google.firebase:firebase-common:19.3.0] AndroidManifest.xml:34:13-43
57            android:exported="false" >
57-->[com.google.firebase:firebase-auth:19.4.0] AndroidManifest.xml:35:13-37
58            <meta-data
58-->[com.google.firebase:firebase-auth:19.4.0] AndroidManifest.xml:36:13-38:85
59                android:name="com.google.firebase.components:com.google.firebase.auth.FirebaseAuthRegistrar"
59-->[com.google.firebase:firebase-auth:19.4.0] AndroidManifest.xml:37:17-109
60                android:value="com.google.firebase.components.ComponentRegistrar" />
60-->[com.google.firebase:firebase-auth:19.4.0] AndroidManifest.xml:38:17-82
61        </service>
62
63        <activity
63-->[com.google.android.gms:play-services-base:17.1.0] AndroidManifest.xml:23:9-26:75
64            android:name="com.google.android.gms.common.api.GoogleApiActivity"
64-->[com.google.android.gms:play-services-base:17.1.0] AndroidManifest.xml:24:13-79
65            android:exported="false"
65-->[com.google.android.gms:play-services-base:17.1.0] AndroidManifest.xml:25:13-37
66            android:theme="@android:style/Theme.Translucent.NoTitleBar" />
66-->[com.google.android.gms:play-services-base:17.1.0] AndroidManifest.xml:26:13-72
67
68        <provider
68-->[com.google.firebase:firebase-common:19.3.0] AndroidManifest.xml:26:9-30:39
69            android:name="com.google.firebase.provider.FirebaseInitProvider"
69-->[com.google.firebase:firebase-common:19.3.0] AndroidManifest.xml:27:13-77
70            android:authorities="com.example.homekippa.firebaseinitprovider"
70-->[com.google.firebase:firebase-common:19.3.0] AndroidManifest.xml:28:13-72
71            android:exported="false"
71-->[com.google.firebase:firebase-common:19.3.0] AndroidManifest.xml:29:13-37
72            android:initOrder="100" />
72-->[com.google.firebase:firebase-common:19.3.0] AndroidManifest.xml:30:13-36
73
74        <meta-data
74-->[com.google.android.gms:play-services-basement:17.0.0] AndroidManifest.xml:23:9-25:69
75            android:name="com.google.android.gms.version"
75-->[com.google.android.gms:play-services-basement:17.0.0] AndroidManifest.xml:24:13-58
76            android:value="@integer/google_play_services_version" />
76-->[com.google.android.gms:play-services-basement:17.0.0] AndroidManifest.xml:25:13-66
77
78        <provider
78-->[androidx.lifecycle:lifecycle-process:2.0.0] AndroidManifest.xml:23:9-27:43
79            android:name="androidx.lifecycle.ProcessLifecycleOwnerInitializer"
79-->[androidx.lifecycle:lifecycle-process:2.0.0] AndroidManifest.xml:24:13-79
80            android:authorities="com.example.homekippa.lifecycle-process"
80-->[androidx.lifecycle:lifecycle-process:2.0.0] AndroidManifest.xml:25:13-69
81            android:exported="false"
81-->[androidx.lifecycle:lifecycle-process:2.0.0] AndroidManifest.xml:26:13-37
82            android:multiprocess="true" />
82-->[androidx.lifecycle:lifecycle-process:2.0.0] AndroidManifest.xml:27:13-40
83    </application>
84
85</manifest>